[20/Mar/2019 20:44:41] "GET /xadmin/users/userprofile/ HTTP/1.1" 200 67385
[20/Mar/2019 20:44:42] "GET /static/xadmin/css/themes/bootstrap-xadmin.css HTTP/1.1" 200 1888
[20/Mar/2019 20:44:42] "GET /static/xadmin/vendor/font-awesome/css/font-awesome.css HTTP/1.1" 200 21658
[20/Mar/2019 20:44:42] "GET /static/xadmin/css/xadmin.plugins.css HTTP/1.1" 200 175
[20/Mar/2019 20:44:42] "GET /static/xadmin/css/xadmin.main.css HTTP/1.1" 200 8376
[20/Mar/2019 20:44:42] "GET /static/xadmin/vendor/bootstrap/css/bootstrap.css HTTP/1.1" 200 126432
[20/Mar/2019 20:44:42] "GET /static/xadmin/css/xadmin.responsive.css HTTP/1.1" 200 4361
[20/Mar/2019 20:44:42] "GET /static/xadmin/css/xadmin.form.css HTTP/1.1" 200 3569
[20/Mar/2019 20:44:42] "GET /static/xadmin/vendor/bootstrap-datepicker/css/datepicker.css HTTP/1.1" 200 10225
[20/Mar/2019 20:44:42] "GET /static/xadmin/vendor/jquery-ui/jquery.ui.core.js HTTP/1.1" 200 8195
[20/Mar/2019 20:44:42] "GET /xadmin/jsi18n/ HTTP/1.1" 200 7678
[20/Mar/2019 20:44:42] "GET /static/xadmin/vendor/jquery-ui/jquery.ui.widget.js HTTP/1.1" 200 15069
[20/Mar/2019 20:44:42] "GET /static/xadmin/vendor/jquery-ui/jquery.ui.sortable.js HTTP/1.1" 200 42543
[20/Mar/2019 20:44:42] "GET /static/xadmin/vendor/jquery-ui/jquery.ui.mouse.js HTTP/1.1" 200 4561
[20/Mar/2019 20:44:42] "GET /static/xadmin/vendor/bootstrap/js/bootstrap.js HTTP/1.1" 200 58327
[20/Mar/2019 20:44:42] "GET /static/xadmin/js/xadmin.main.js HTTP/1.1" 200 3401
[20/Mar/2019 20:44:42] "GET /static/xadmin/js/xadmin.responsive.js HTTP/1.1" 200 4033
[20/Mar/2019 20:44:42] "GET /static/xadmin/vendor/jquery/jquery.js HTTP/1.1" 200 240196
[20/Mar/2019 20:44:42] "GET /static/xadmin/js/xadmin.plugin.bookmark.js HTTP/1.1" 200 529
[20/Mar/2019 20:44:42] "GET /static/xadmin/js/xadmin.plugin.details.js HTTP/1.1" 200 2319
[20/Mar/2019 20:44:42] "GET /static/xadmin/vendor/bootstrap-datepicker/js/bootstrap-datepicker.js HTTP/1.1" 200 32656
[20/Mar/2019 20:44:42] "GET /static/xadmin/js/xadmin.plugin.filters.js HTTP/1.1" 200 1990
[20/Mar/2019 20:44:42] "GET /static/xadmin/js/xadmin.widget.datetime.js HTTP/1.1" 200 2979
[20/Mar/2019 20:44:42] "GET /static/xadmin/js/xadmin.plugin.actions.js HTTP/1.1" 200 4198
[20/Mar/2019 20:44:42] "GET /static/xadmin/js/xadmin.page.list.js HTTP/1.1" 200 1105
[20/Mar/2019 20:44:43] "GET /static/xadmin/vendor/font-awesome/fonts/fontawesome-webfont.woff?v=4.0.3 HTTP/1.1" 200 44432
[20/Mar/2019 20:44:43] "GET /static/xadmin/js/xadmin.page.form.js HTTP/1.1" 200 1948
[20/Mar/2019 20:48:20] "GET /xadmin/operation/userfavorite/ HTTP/1.1" 200 57851
[20/Mar/2019 20:48:20] "GET /xadmin/jsi18n/ HTTP/1.1" 200 7678
[21/Mar/2019 07:08:59] "GET / HTTP/1.1" 200 20722
[21/Mar/2019 10:52:17] "GET / HTTP/1.1" 200 21677
[21/Mar/2019 10:52:17] "GET /static/css/reset.css HTTP/1.1" 404 1666
[21/Mar/2019 10:52:18] "GET /static/css/animate.css HTTP/1.1" 404 1672
[21/Mar/2019 10:52:18] "GET /static/css/style.css HTTP/1.1" 404 1666
[21/Mar/2019 10:52:18] "GET /static/js/jquery-migrate-1.2.1.min.js HTTP/1.1" 404 1717
[21/Mar/2019 10:52:18] "GET /static/js/jquery.min.js HTTP/1.1" 404 1675
[21/Mar/2019 10:52:18] "GET /static/js/index.js HTTP/1.1" 404 1660
[21/Mar/2019 10:52:18] "GET /static/images/top_down.png HTTP/1.1" 404 1684
[21/Mar/2019 10:52:18] "GET /media/image/2019/03/aobama_0QihdKe.png HTTP/1.1" 304 0
[21/Mar/2019 10:52:18] "GET /static/js/jquery-migrate-1.2.1.min.js HTTP/1.1" 404 1717
[21/Mar/2019 10:52:18] "GET /static/js/selectUi.js HTTP/1.1" 404 1669
[21/Mar/2019 10:52:18] "GET /static/js/deco-common.js HTTP/1.1" 404 1678
[21/Mar/2019 10:52:18] "GET /static/js/index.js HTTP/1.1" 404 1660
[21/Mar/2019 10:52:18] "GET /static/js/plugins/laydate/laydate.js HTTP/1.1" 404 1714
[21/Mar/2019 10:52:18] "GET /static/js/plugins/layer/layer.js HTTP/1.1" 404 1702
[21/Mar/2019 10:52:18] "GET /static/js/plugins/queryCity/js/public.js HTTP/1.1" 404 1726
[21/Mar/2019 10:52:18] "GET /static/js/unslider.js HTTP/1.1" 404 1669
[21/Mar/2019 10:52:18] "GET /static/js/plugins/jquery.scrollLoading.js HTTP/1.1" 404 1729
[21/Mar/2019 10:52:18] "GET /static/images/logo.jpg HTTP/1.1" 404 1672
[21/Mar/2019 10:52:18] "GET /static/images/search_btn.png HTTP/1.1" 404 1690
[21/Mar/2019 10:52:18] "GET /static/images/nav_hot.png HTTP/1.1" 404 1681
[21/Mar/2019 10:52:18] "GET /media/banner/2019/03/5ab89afd00016ea009360316.jpg HTTP/1.1" 304 0
[21/Mar/2019 10:52:18] "GET /media/banner/2019/03/5ac4a7940001a9aa09360316.jpg HTTP/1.1" 304 0
[21/Mar/2019 10:52:18] "GET /media/banner/2019/03/5ac3142b000166ec09360316.jpg HTTP/1.1" 304 0
[21/Mar/2019 10:52:18] "GET /static/images/feature1.png HTTP/1.1" 404 1684
[21/Mar/2019 10:52:18] "GET /static/images/feature2.png HTTP/1.1" 404 1684
[21/Mar/2019 10:52:18] "GET /static/images/feature3.png HTTP/1.1" 404 1684
[21/Mar/2019 10:52:18] "GET /static/images/feature4.png HTTP/1.1" 404 1684
[21/Mar/2019 10:52:18] "GET /static/images/module1_1.jpg HTTP/1.1" 404 1687
[21/Mar/2019 10:52:18] "GET /media/courses/2019/02/540e57300001d6d906000338-240-135_MSIqfvw.jpg HTTP/1.1" 304 0
[21/Mar/2019 10:52:18] "GET /media/courses/2019/02/mysql.jpg HTTP/1.1" 304 0
[21/Mar/2019 10:52:18] "GET /static/js/selectUi.js HTTP/1.1" 404 1669
[21/Mar/2019 10:52:18] "GET /media/courses/2019/03/5ac3142b000166ec09360316.jpg HTTP/1.1" 304 0
[21/Mar/2019 10:52:18] "GET /media/courses/2019/02/57035ff200014b8a06000338-240-135_0nFiBSI.jpg HTTP/1.1" 304 0
[21/Mar/2019 10:52:18] "GET /media/courses/2019/02/python%E9%94%99%E8%AF%AF%E5%92%8C%E5%BC%82%E5%B8%B8.jpg HTTP/1.1" 304 0
[21/Mar/2019 10:52:18] "GET /media/courses/2019/02/python%E9%9D%A2%E5%90%91%E5%AF%B9%E8%B1%A1.jpg HTTP/1.1" 304 0
[21/Mar/2019 10:52:18] "GET /media/courses/2019/02/python%E6%96%87%E4%BB%B6%E5%A4%84%E7%90%86.jpg HTTP/1.1" 304 0
[21/Mar/2019 10:52:18] "GET /static/js/deco-common.js HTTP/1.1" 404 1678
[21/Mar/2019 10:52:18] "GET /static/images/module3_1.jpg HTTP/1.1" 404 1687
[21/Mar/2019 10:52:18] "GET /media/org/2019/01/imooc_Gn1sRjp.png HTTP/1.1" 304 0
[21/Mar/2019 10:52:18] "GET /media/org/2019/01/bjdx.jpg HTTP/1.1" 304 0
[21/Mar/2019 10:52:18] "GET /media/org/2019/01/njdx.jpg HTTP/1.1" 304 0
[21/Mar/2019 10:52:18] "GET /media/org/2019/01/qhdx-logo.png HTTP/1.1" 304 0
[21/Mar/2019 10:52:18] "GET /static/js/plugins/laydate/laydate.js HTTP/1.1" 404 1714
[21/Mar/2019 10:52:18] "GET /media/org/2019/01/logo.png HTTP/1.1" 304 0
[21/Mar/2019 10:52:18] "GET /media/org/2019/01/%E9%BA%A6%E5%AD%90.jpg HTTP/1.1" 304 0
[21/Mar/2019 10:52:18] "GET /media/org/2019/01/51.jpg HTTP/1.1" 304 0
[21/Mar/2019 10:52:18] "GET /media/org/2019/01/%E9%98%BF%E9%87%8C.jpg HTTP/1.1" 304 0
[21/Mar/2019 10:52:18] "GET /media/org/2019/01/mooc.jpg HTTP/1.1" 304 0
[21/Mar/2019 10:52:18] "GET /static/js/plugins/layer/layer.js HTTP/1.1" 404 1702
[21/Mar/2019 10:52:18] "GET /media/org/2019/01/csdn.jpg HTTP/1.1" 304 0
[21/Mar/2019 10:52:18] "GET /static/images/footlogo.png HTTP/1.1" 404 1684
[21/Mar/2019 10:52:18] "GET /static/images/code.jpg HTTP/1.1" 404 1672
[21/Mar/2019 10:52:18] "GET /static/images/tell.png HTTP/1.1" 404 1672
[21/Mar/2019 10:52:18] "GET /static/js/plugins/queryCity/js/public.js HTTP/1.1" 404 1726
[21/Mar/2019 10:52:18] "GET /static/js/unslider.js HTTP/1.1" 404 1669
[21/Mar/2019 10:52:18] "GET /static/js/plugins/jquery.scrollLoading.js HTTP/1.1" 404 1729
Not Found: /favicon.ico
[21/Mar/2019 10:52:18] "GET /favicon.ico HTTP/1.1" 404 3678
[21/Mar/2019 10:52:23] "GET / HTTP/1.1" 200 21677
[21/Mar/2019 10:52:23] "GET /static/css/reset.css HTTP/1.1" 404 1666
[21/Mar/2019 10:52:23] "GET /static/css/animate.css HTTP/1.1" 404 1672
[21/Mar/2019 10:52:23] "GET /static/css/style.css HTTP/1.1" 404 1666
[21/Mar/2019 10:52:23] "GET /static/js/index.js HTTP/1.1" 404 1660
[21/Mar/2019 10:52:23] "GET /static/js/jquery.min.js HTTP/1.1" 404 1675
[21/Mar/2019 10:52:23] "GET /static/js/jquery-migrate-1.2.1.min.js HTTP/1.1" 404 1717
[21/Mar/2019 10:52:23] "GET /static/images/top_down.png HTTP/1.1" 404 1684
[21/Mar/2019 10:52:23] "GET /static/images/logo.jpg HTTP/1.1" 404 1672
[21/Mar/2019 10:52:23] "GET /static/js/index.js HTTP/1.1" 404 1660
[21/Mar/2019 10:52:23] "GET /static/js/deco-common.js HTTP/1.1" 404 1678
[21/Mar/2019 10:52:23] "GET /static/js/selectUi.js HTTP/1.1" 404 1669
[21/Mar/2019 10:52:23] "GET /static/js/plugins/laydate/laydate.js HTTP/1.1" 404 1714
[21/Mar/2019 10:52:23] "GET /static/js/plugins/layer/layer.js HTTP/1.1" 404 1702
[21/Mar/2019 10:52:23] "GET /static/js/plugins/queryCity/js/public.js HTTP/1.1" 404 1726
[21/Mar/2019 10:52:23] "GET /static/js/unslider.js HTTP/1.1" 404 1669
[21/Mar/2019 10:52:23] "GET /static/js/plugins/jquery.scrollLoading.js HTTP/1.1" 404 1729
[21/Mar/2019 10:52:23] "GET /static/images/search_btn.png HTTP/1.1" 404 1690
[21/Mar/2019 10:52:23] "GET /static/images/nav_hot.png HTTP/1.1" 404 1681
[21/Mar/2019 10:52:23] "GET /static/images/feature1.png HTTP/1.1" 404 1684
[21/Mar/2019 10:52:23] "GET /static/images/feature2.png HTTP/1.1" 404 1684
[21/Mar/2019 10:52:23] "GET /static/images/feature3.png HTTP/1.1" 404 1684
[21/Mar/2019 10:52:23] "GET /static/js/deco-common.js HTTP/1.1" 404 1678
[21/Mar/2019 10:52:23] "GET /static/images/feature4.png HTTP/1.1" 404 1684
[21/Mar/2019 10:52:23] "GET /static/images/module1_1.jpg HTTP/1.1" 404 1687
[21/Mar/2019 10:52:23] "GET /static/images/module3_1.jpg HTTP/1.1" 404 1687
[21/Mar/2019 10:52:23] "GET /static/js/plugins/laydate/laydate.js HTTP/1.1" 404 1714
[21/Mar/2019 10:52:23] "GET /static/images/footlogo.png HTTP/1.1" 404 1684
[21/Mar/2019 10:52:23] "GET /static/images/code.jpg HTTP/1.1" 404 1672
[21/Mar/2019 10:52:23] "GET /static/images/tell.png HTTP/1.1" 404 1672
[21/Mar/2019 10:52:23] "GET /static/js/plugins/layer/layer.js HTTP/1.1" 404 1702
[21/Mar/2019 10:52:23] "GET /static/js/plugins/queryCity/js/public.js HTTP/1.1" 404 1726
[21/Mar/2019 10:52:23] "GET /static/js/unslider.js HTTP/1.1" 404 1669
[21/Mar/2019 10:52:23] "GET /static/js/plugins/jquery.scrollLoading.js HTTP/1.1" 404 1729
